  main.cpp
C:\Users\filon\OneDrive\Desktop\Coding Projects\C Plus Plus\Zombie Arena\main.cpp(24,44): warning C4244: '=': conversion from 'unsigned int' to 'T', possible loss of data
          with
          [
              T=float
          ]
C:\Users\filon\OneDrive\Desktop\Coding Projects\C Plus Plus\Zombie Arena\main.cpp(25,44): warning C4244: '=': conversion from 'unsigned int' to 'T', possible loss of data
          with
          [
              T=float
          ]
C:\Users\filon\OneDrive\Desktop\Coding Projects\C Plus Plus\Zombie Arena\main.cpp(26,56): warning C4244: 'argument': conversion from 'T' to 'unsigned int', possible loss of data
          with
          [
              T=float
          ]
C:\Users\filon\OneDrive\Desktop\Coding Projects\C Plus Plus\Zombie Arena\main.cpp(26,42): warning C4244: 'argument': conversion from 'T' to 'unsigned int', possible loss of data
          with
          [
              T=float
          ]
C:\Users\filon\OneDrive\Desktop\Coding Projects\C Plus Plus\Zombie Arena\main.cpp(496,50): warning C4244: 'argument': conversion from 'int' to 'T', possible loss of data
          with
          [
              T=float
          ]
  Zombie Arena.vcxproj -> C:\Users\filon\OneDrive\Desktop\Coding Projects\C Plus Plus\Zombie Arena\Debug\Zombie Arena.exe
